d:\c语言\zuoye\zuoye\x64\debug\vc143.pdb
d:\c语言\zuoye\zuoye\x64\debug\vc143.idb
d:\c语言\zuoye\zuoye\x64\debug\homework.obj
d:\c语言\zuoye\zuoye\x64\debug\day9-2.obj
d:\c语言\zuoye\zuoye\x64\debug\day9-1.obj
d:\c语言\zuoye\zuoye\x64\debug\day8-1.obj
d:\c语言\zuoye\zuoye\x64\debug\day8-2.obj
d:\c语言\zuoye\zuoye\x64\debug\day7.obj
d:\c语言\zuoye\zuoye\x64\debug\day6.obj
d:\c语言\zuoye\zuoye\x64\debug\day5.obj
d:\c语言\zuoye\zuoye\x64\debug\day4.obj
d:\c语言\zuoye\zuoye\x64\debug\day3.obj
d:\c语言\zuoye\zuoye\x64\debug\day14.obj
d:\c语言\zuoye\zuoye\x64\debug\day12.obj
d:\c语言\zuoye\zuoye\x64\debug\day11.obj
d:\c语言\zuoye\zuoye\x64\debug\day10-2.obj
d:\c语言\zuoye\zuoye\x64\debug\day10-1.obj
d:\c语言\zuoye\zuoye\x64\debug\day1.obj
d:\c语言\zuoye\x64\debug\zuoye.exe
d:\c语言\zuoye\x64\debug\zuoye.pdb
d:\c语言\zuoye\zuoye\x64\debug\zuoye.ilk
d:\c语言\zuoye\zuoye\x64\debug\zuoye.tlog\cl.command.1.tlog
d:\c语言\zuoye\zuoye\x64\debug\zuoye.tlog\cl.items.tlog
d:\c语言\zuoye\zuoye\x64\debug\zuoye.tlog\cl.read.1.tlog
d:\c语言\zuoye\zuoye\x64\debug\zuoye.tlog\cl.write.1.tlog
d:\c语言\zuoye\zuoye\x64\debug\zuoye.tlog\link.command.1.tlog
d:\c语言\zuoye\zuoye\x64\debug\zuoye.tlog\link.read.1.tlog
d:\c语言\zuoye\zuoye\x64\debug\zuoye.tlog\link.secondary.1.tlog
d:\c语言\zuoye\zuoye\x64\debug\zuoye.tlog\link.write.1.tlog
